<?xml version="1.0" encoding="UTF-8"?>
<testsuite name="Login Test"
           tests="2"
           failures="0"
           errors="0"
           skipped="0"
           time="49.436">
  <properties />
  
  
            <testcase name="verifyTheSortByProductNameFilter" time="44.700" classname="com.softwaretestingboard.magenato.testsuite.WomenTest" />
                <testcase name="verifyTheSortByPriceFilter" time="4.736" classname="com.softwaretestingboard.magenato.testsuite.WomenTest" />
      
</testsuite>
